<?xml version="1.0" encoding="UTF-8"?>
<!-- Generated by org.testng.reporters.JUnitXMLReporter -->
<testsuite hostname="DESKTOP-AMOSNVQ" ignored="0" name="Test" tests="6" failures="0" timestamp="2021-05-03T00:56:01 EDT" time="38.568" errors="0">
  <testcase name="orangeHRMLoginTestWithEmptyCredentials" time="0.324" classname="tests.OrangeHRM_Login_Page_Test"/>
  <testcase name="orangeHRMLoginTestWithEmptyPassword" time="0.361" classname="tests.OrangeHRM_Login_Page_Test"/>
  <testcase name="orangeHRMLoginTestWithEmptyUsername" time="0.358" classname="tests.OrangeHRM_Login_Page_Test"/>
  <testcase name="orangeHRMLoginTestWithInvalidCredential" time="1.092" classname="tests.OrangeHRM_Login_Page_Test"/>
  <testcase name="orangeHRMLoginTestWithValidCredential" time="1.865" classname="tests.OrangeHRM_Login_Page_Test"/>
  <testcase name="alert_popup_handling" time="1.402" classname="tests.OrangeHRM_Home_Page_Test"/>
</testsuite> <!-- Test -->
