<?xml version="1.0" encoding="UTF-8"?>
<testng-results skipped="0" failed="0" ignored="0" total="6" passed="6">
  <reporter-output>
  </reporter-output>
  <suite name="Suite" duration-ms="38568" started-at="2021-05-03T00:55:23 EDT" finished-at="2021-05-03T00:56:01 EDT">
    <groups>
    </groups>
    <test name="Test" duration-ms="38568" started-at="2021-05-03T00:55:23 EDT" finished-at="2021-05-03T00:56:01 EDT">
      <class name="tests.OrangeHRM_Login_Page_Test">
        <test-method status="PASS" signature="launchBrowser()[pri:0, instance:tests.OrangeHRM_Login_Page_Test@24b1d79b]" name="launchBrowser" is-config="true" duration-ms="7153" started-at="2021-05-03T00:55:23 EDT" finished-at="2021-05-03T00:55:30 EDT">
          <reporter-output>
          </reporter-output>
        </test-method> <!-- launchBrowser -->
        <test-method status="PASS" signature="orangeHRMLoginTestWithEmptyCredentials()[pri:0, instance:tests.OrangeHRM_Login_Page_Test@24b1d79b]" name="orangeHRMLoginTestWithEmptyCredentials" duration-ms="324" started-at="2021-05-03T00:55:30 EDT" finished-at="2021-05-03T00:55:31 EDT">
          <reporter-output>
          </reporter-output>
        </test-method> <!-- orangeHRMLoginTestWithEmptyCredentials -->
        <test-method status="PASS" signature="tearDown()[pri:0, instance:tests.OrangeHRM_Login_Page_Test@24b1d79b]" name="tearDown" is-config="true" duration-ms="407" started-at="2021-05-03T00:55:31 EDT" finished-at="2021-05-03T00:55:31 EDT">
          <reporter-output>
          </reporter-output>
        </test-method> <!-- tearDown -->
        <test-method status="PASS" signature="launchBrowser()[pri:0, instance:tests.OrangeHRM_Login_Page_Test@24b1d79b]" name="launchBrowser" is-config="true" duration-ms="2890" started-at="2021-05-03T00:55:31 EDT" finished-at="2021-05-03T00:55:34 EDT">
          <reporter-output>
          </reporter-output>
        </test-method> <!-- launchBrowser -->
        <test-method status="PASS" signature="orangeHRMLoginTestWithEmptyPassword()[pri:0, instance:tests.OrangeHRM_Login_Page_Test@24b1d79b]" name="orangeHRMLoginTestWithEmptyPassword" duration-ms="361" started-at="2021-05-03T00:55:34 EDT" finished-at="2021-05-03T00:55:34 EDT">
          <reporter-output>
          </reporter-output>
        </test-method> <!-- orangeHRMLoginTestWithEmptyPassword -->
        <test-method status="PASS" signature="tearDown()[pri:0, instance:tests.OrangeHRM_Login_Page_Test@24b1d79b]" name="tearDown" is-config="true" duration-ms="280" started-at="2021-05-03T00:55:34 EDT" finished-at="2021-05-03T00:55:35 EDT">
          <reporter-output>
          </reporter-output>
        </test-method> <!-- tearDown -->
        <test-method status="PASS" signature="launchBrowser()[pri:0, instance:tests.OrangeHRM_Login_Page_Test@24b1d79b]" name="launchBrowser" is-config="true" duration-ms="2787" started-at="2021-05-03T00:55:35 EDT" finished-at="2021-05-03T00:55:37 EDT">
          <reporter-output>
          </reporter-output>
        </test-method> <!-- launchBrowser -->
        <test-method status="PASS" signature="orangeHRMLoginTestWithEmptyUsername()[pri:0, instance:tests.OrangeHRM_Login_Page_Test@24b1d79b]" name="orangeHRMLoginTestWithEmptyUsername" duration-ms="358" started-at="2021-05-03T00:55:37 EDT" finished-at="2021-05-03T00:55:38 EDT">
          <reporter-output>
          </reporter-output>
        </test-method> <!-- orangeHRMLoginTestWithEmptyUsername -->
        <test-method status="PASS" signature="tearDown()[pri:0, instance:tests.OrangeHRM_Login_Page_Test@24b1d79b]" name="tearDown" is-config="true" duration-ms="255" started-at="2021-05-03T00:55:38 EDT" finished-at="2021-05-03T00:55:38 EDT">
          <reporter-output>
          </reporter-output>
        </test-method> <!-- tearDown -->
        <test-method status="PASS" signature="launchBrowser()[pri:0, instance:tests.OrangeHRM_Login_Page_Test@24b1d79b]" name="launchBrowser" is-config="true" duration-ms="10723" started-at="2021-05-03T00:55:38 EDT" finished-at="2021-05-03T00:55:49 EDT">
          <reporter-output>
          </reporter-output>
        </test-method> <!-- launchBrowser -->
        <test-method status="PASS" signature="orangeHRMLoginTestWithInvalidCredential()[pri:0, instance:tests.OrangeHRM_Login_Page_Test@24b1d79b]" name="orangeHRMLoginTestWithInvalidCredential" duration-ms="1092" started-at="2021-05-03T00:55:49 EDT" finished-at="2021-05-03T00:55:50 EDT">
          <reporter-output>
          </reporter-output>
        </test-method> <!-- orangeHRMLoginTestWithInvalidCredential -->
        <test-method status="PASS" signature="tearDown()[pri:0, instance:tests.OrangeHRM_Login_Page_Test@24b1d79b]" name="tearDown" is-config="true" duration-ms="96" started-at="2021-05-03T00:55:50 EDT" finished-at="2021-05-03T00:55:50 EDT">
          <reporter-output>
          </reporter-output>
        </test-method> <!-- tearDown -->
        <test-method status="PASS" signature="launchBrowser()[pri:0, instance:tests.OrangeHRM_Login_Page_Test@24b1d79b]" name="launchBrowser" is-config="true" duration-ms="3716" started-at="2021-05-03T00:55:50 EDT" finished-at="2021-05-03T00:55:54 EDT">
          <reporter-output>
          </reporter-output>
        </test-method> <!-- launchBrowser -->
        <test-method status="PASS" signature="orangeHRMLoginTestWithValidCredential()[pri:0, instance:tests.OrangeHRM_Login_Page_Test@24b1d79b]" name="orangeHRMLoginTestWithValidCredential" duration-ms="1865" started-at="2021-05-03T00:55:54 EDT" finished-at="2021-05-03T00:55:56 EDT">
          <reporter-output>
          </reporter-output>
        </test-method> <!-- orangeHRMLoginTestWithValidCredential -->
        <test-method status="PASS" signature="tearDown()[pri:0, instance:tests.OrangeHRM_Login_Page_Test@24b1d79b]" name="tearDown" is-config="true" duration-ms="1164" started-at="2021-05-03T00:55:56 EDT" finished-at="2021-05-03T00:55:57 EDT">
          <reporter-output>
          </reporter-output>
        </test-method> <!-- tearDown -->
      </class> <!-- tests.OrangeHRM_Login_Page_Test -->
      <class name="tests.OrangeHRM_Home_Page_Test">
        <test-method status="PASS" signature="launchBrowser()[pri:0, instance:tests.OrangeHRM_Home_Page_Test@68ceda24]" name="launchBrowser" is-config="true" duration-ms="2999" started-at="2021-05-03T00:55:57 EDT" finished-at="2021-05-03T00:56:00 EDT">
          <reporter-output>
          </reporter-output>
        </test-method> <!-- launchBrowser -->
        <test-method status="PASS" signature="alert_popup_handling()[pri:0, instance:tests.OrangeHRM_Home_Page_Test@68ceda24]" name="alert_popup_handling" duration-ms="1402" started-at="2021-05-03T00:56:00 EDT" finished-at="2021-05-03T00:56:01 EDT">
          <reporter-output>
          </reporter-output>
        </test-method> <!-- alert_popup_handling -->
        <test-method status="PASS" signature="tearDown()[pri:0, instance:tests.OrangeHRM_Home_Page_Test@68ceda24]" name="tearDown" is-config="true" duration-ms="157" started-at="2021-05-03T00:56:01 EDT" finished-at="2021-05-03T00:56:01 EDT">
          <reporter-output>
          </reporter-output>
        </test-method> <!-- tearDown -->
      </class> <!-- tests.OrangeHRM_Home_Page_Test -->
    </test> <!-- Test -->
  </suite> <!-- Suite -->
</testng-results>
